<?xml version="1.0" encoding="UTF-8"?>
<!-- Generated by org.testng.reporters.JUnitReportReporter -->
<testsuite skipped="0" hostname="Praveen" name="HTTPRequests" tests="4" failures="0" timestamp="2023-01-21T18:03:27 IST" time="6.255" errors="0">
  <testcase name="getUser" time="3.716" classname="HTTPRequests"/>
  <system-out/>
  <testcase name="createuser" time="1.220" classname="HTTPRequests"/>
  <system-out/>
  <testcase name="updateuser" time="0.656" classname="HTTPRequests"/>
  <system-out/>
  <testcase name="deleteuser" time="0.663" classname="HTTPRequests"/>
  <system-out/>
</testsuite> <!-- HTTPRequests -->
