<?xml version="1.0" encoding="UTF-8"?>
<!-- Generated by org.testng.reporters.JUnitReportReporter -->
<testsuite skipped="0" hostname="Praveen" name="Rest_Test.Get_Data" tests="2" failures="0" timestamp="21 Jan 2023 08:54:20 GMT" time="6.148" errors="0">
  <testcase name="testResponsecode" time="0.546" classname="Rest_Test.Get_Data"/>
  <testcase name="GetWeatherDetailsCondensed" time="5.602" classname="Rest_Test.Get_Data"/>
</testsuite> <!-- Rest_Test.Get_Data -->
