<?xml version="1.0" encoding="UTF-8"?>
<!-- Generated by org.testng.reporters.JUnitReportReporter -->
<testsuite skipped="0" hostname="Praveen" name="Rest_Test.Test01_Get" tests="1" failures="0" timestamp="21 Jan 2023 08:55:42 GMT" time="2.046" errors="0">
  <testcase name="test_01" time="2.046" classname="Rest_Test.Test01_Get"/>
</testsuite> <!-- Rest_Test.Test01_Get -->
