<?xml version="1.0" encoding="UTF-8"?>
<!-- Generated by org.testng.reporters.JUnitReportReporter -->
<testsuite skipped="0" hostname="Praveen" name="DiffWaystoCreatePostRequest" tests="2" failures="0" timestamp="2023-01-22T23:22:02 IST" time="15.885" errors="0">
  <testcase name="TestPostusingHashMAP" time="15.747" classname="DiffWaystoCreatePostRequest"/>
  <system-out/>
  <testcase name="TestCreateusingJsonLib" time="0.138" classname="DiffWaystoCreatePostRequest"/>
  <system-out/>
</testsuite> <!-- DiffWaystoCreatePostRequest -->
