<?xml version="1.0" encoding="UTF-8"?>
<!-- Generated by org.testng.reporters.JUnitReportReporter -->
<testsuite skipped="0" hostname="Praveen" name="Session3.HeadersDemo" tests="1" failures="0" timestamp="2023-01-23T00:24:44 IST" time="2.789" errors="0">
  <testcase name="getHeaders" time="2.789" classname="Session3.HeadersDemo"/>
  <system-out/>
</testsuite> <!-- Session3.HeadersDemo -->
