<?xml version="1.0" encoding="UTF-8"?>
<!-- Generated by org.testng.reporters.JUnitReportReporter -->
<testsuite skipped="0" hostname="Praveen" name="Session3.PathAndQueryParameter" tests="1" failures="0" timestamp="2023-01-26T14:04:11 IST" time="12.932" errors="0">
  <testcase name="testQueryAndPathParameters" time="12.932" classname="Session3.PathAndQueryParameter"/>
  <system-out/>
</testsuite> <!-- Session3.PathAndQueryParameter -->
