<?xml version="1.0" encoding="UTF-8"?>
<!-- Generated by org.testng.reporters.JUnitReportReporter -->
<testsuite skipped="0" hostname="Praveen" name="Session4.ParsingJSONResponseData" tests="1" failures="0" timestamp="2023-01-26T15:11:03 IST" time="2.360" errors="0">
  <testcase name="TestJsonResponse" time="2.360" classname="Session4.ParsingJSONResponseData"/>
  <system-out/>
</testsuite> <!-- Session4.ParsingJSONResponseData -->
