<?xml version="1.0" encoding="UTF-8"?>
<!-- Generated by org.testng.reporters.JUnitReportReporter -->
<testsuite skipped="0" hostname="Praveen" name="Session3.CookiesDemo" tests="1" failures="0" timestamp="2023-01-23T00:08:02 IST" time="2.860" errors="0">
  <testcase name="GetCookiesinfo" time="2.860" classname="Session3.CookiesDemo"/>
  <system-out/>
</testsuite> <!-- Session3.CookiesDemo -->
